This is TeX, Version 3.14159 (Web2C 7.3.1) (format=latex 2000.7.19)  3 APR 2001 13:00
**./images.tex
(./images.tex
LaTeX2e <1999/12/01> patch level 1
Babel <v3.6Z> and hyphenation patterns for american, french, german, ngerman, i
talian, nohyphenation, loaded.

(/usr/share/texmf/tex/latex/base/report.cls
Document Class: report 1999/09/10 v1.4a Standard LaTeX document class
(/usr/share/texmf/tex/latex/base/size10.clo
File: size10.clo 1999/09/10 v1.4a Standard LaTeX file (size option)
)
\c@part=\count79
\c@chapter=\count80
\c@section=\count81
\c@subsection=\count82
\c@subsubsection=\count83
\c@paragraph=\count84
\c@subparagraph=\count85
\c@figure=\count86
\c@table=\count87
\abovecaptionskip=\skip41
\belowcaptionskip=\skip42
\bibindent=\dimen102
) (/usr/share/texmf/tex/latex/base/ifthen.sty
Package: ifthen 1999/09/10 v1.1b Standard LaTeX ifthen package (DPC)
) (/usr/share/texmf/tex/latex/graphics/color.sty
Package: color 1999/02/16 v1.0i Standard LaTeX Color (DPC)
(/usr/share/texmf/tex/latex/config/color.cfg)
Package color Info: Driver file: dvips.def on input line 125.
(/usr/share/texmf/tex/latex/graphics/dvips.def
File: dvips.def 1999/02/16 v3.0i Driver-dependant file (DPC,SPQR)
) (/usr/share/texmf/tex/latex/graphics/dvipsnam.def
File: dvipsnam.def 1999/02/16 v3.0i Driver-dependant file (DPC,SPQR)
)) (/usr/share/texmf/tex/latex/base/inputenc.sty
Package: inputenc 1999/09/17 v0.992 Input encoding file 
(/usr/share/texmf/tex/latex/base/latin1.def
File: latin1.def 1999/09/17 v0.992 Input encoding file 
))
\sizebox=\box26
\lthtmlwrite=\write3
(images.aux)
\openout1 = `images.aux'.

LaTeX Font Info:    Checking defaults for OML/cmm/m/it on input line 115.
LaTeX Font Info:    ... okay on input line 115.
LaTeX Font Info:    Checking defaults for T1/cmr/m/n on input line 115.
LaTeX Font Info:    ... okay on input line 115.
LaTeX Font Info:    Checking defaults for OT1/cmr/m/n on input line 115.
LaTeX Font Info:    ... okay on input line 115.
LaTeX Font Info:    Checking defaults for OMS/cmsy/m/n on input line 115.
LaTeX Font Info:    ... okay on input line 115.
LaTeX Font Info:    Checking defaults for OMX/cmex/m/n on input line 115.
LaTeX Font Info:    ... okay on input line 115.
LaTeX Font Info:    Checking defaults for U/cmr/m/n on input line 115.
LaTeX Font Info:    ... okay on input line 115.

latex2htmlLength hsize=349.0pt

latex2htmlLength vsize=633.0pt

latex2htmlLength hoffset=0.0pt

latex2htmlLength voffset=0.0pt

latex2htmlLength topmargin=0.0pt

latex2htmlLength topskip=0.00003pt

latex2htmlLength headheight=0.0pt

latex2htmlLength headsep=0.0pt

latex2htmlLength parskip=0.0pt plus 1.0pt

latex2htmlLength oddsidemargin=62.0pt

latex2htmlLength evensidemargin=62.0pt

LaTeX Font Info:    External font `cmex10' loaded for size
(Font)              <7> on input line 158.
LaTeX Font Info:    External font `cmex10' loaded for size
(Font)              <5> on input line 158.
l2hSize :tex2html_wrap_inline402:6.45831pt::0.0pt::6.2153pt.
[1



]
l2hSize :tex2html_wrap_inline404:8.0pt::8.0pt::38.27788pt.
[2


]
l2hSize :tex2html_wrap_inline922:6.95831pt::6.95831pt::21.05565pt.
[3


]
l2hSize :tex2html_wrap_inline924:6.95831pt::6.95831pt::21.05565pt.
[4


] (images.aux) ) 
Here is how much of TeX's memory you used:
 632 strings out of 20898
 7764 string characters out of 196686
 49591 words of memory out of 350001
 3621 multiletter control sequences out of 10000+15000
 3640 words of font info for 14 fonts, out of 400000 for 1000
 14 hyphenation exceptions out of 1000
 23i,5n,19p,162b,217s stack positions out of 1500i,100n,500p,50000b,4000s

Output written on images.dvi (4 pages, 1076 bytes).
